<?xml version="1.0" encoding="UTF-8"?>
<testsuite xmlns:xs="http://www.w3.org/2001/XMLSchema"
           xmlns:fo="http://www.w3.org/1999/XSL/Format"
           xmlns:fn="http://www.w3.org/2005/xpath-functions"
           xmlns:xdt="http://www.w3.org/2005/xpath-datatypes"
           timestamp="2015-03-01 10:58:17.767"
           time="2.045"
           tests="6"
           errors="0"
           failures="2"
           skipped="0"
           name="TestProjectSuite">
   <testcase time="0.29" name="KT1" classname="TestKeywordProject">
      <system-out><![CDATA[[2015-03-01 10:58:18.137] ** Message ** : Informative message
]]></system-out>
   </testcase>
   <testcase time="0.045" name="KT2" classname="TestKeywordProject">
      <system-out><![CDATA[[2015-03-01 10:58:18.272] ** Warning ** : Warning message
]]></system-out>
   </testcase>
   <testcase time="0.045" name="KT3" classname="TestKeywordProject">
      <failure message="Error message"/>
      <system-out><![CDATA[[2015-03-01 10:58:18.367] ** Error ** : Error message
  Call Stack:
    1: KT3()
]]></system-out>
   </testcase>
   <testcase time="0.47" name="Unit1\ST1" classname="TestScriptProject">
      <system-out><![CDATA[[2015-03-01 10:58:19.292] ** Message ** : Info messsage
]]></system-out>
   </testcase>
   <testcase time="0.045" name="Unit1\ST2" classname="TestScriptProject">
      <system-out><![CDATA[[2015-03-01 10:58:19.357] ** Warning ** : Warning message
]]></system-out>
   </testcase>
   <testcase time="0.083" name="Unit1\ST3" classname="TestScriptProject">
      <failure message="Error message"/>
      <system-out><![CDATA[[2015-03-01 10:58:19.457] ** Error ** : Error message
  Call Stack:
    23: Unit1.ST311
    18: Unit1.ST31
    13: Unit1.ST3
]]></system-out>
   </testcase>
</testsuite>