<?xml version="1.0" encoding="UTF-8"?>
<testsuite xmlns:xs="http://www.w3.org/2001/XMLSchema"
           xmlns:fo="http://www.w3.org/1999/XSL/Format"
           xmlns:fn="http://www.w3.org/2005/xpath-functions"
           xmlns:xdt="http://www.w3.org/2005/xpath-datatypes"
           timestamp=""
           time=""
           tests="1"
           errors="0"
           failures="1"
           skipped="0"
           name="Keyword Test Log [KT3]">
   <testcase time="" name="KT3" classname="">
      <failure message="Error message"/>
      <system-out><![CDATA[[2015-03-01 10:58:56.793] ** Error ** : Error message
  Call Stack:
    1: KT3()
]]></system-out>
   </testcase>
</testsuite>